<?xml version="1.0" encoding="UTF-8"?>
<!-- Generated by org.testng.reporters.JUnitReportReporter -->
<testsuite hostname="DESKTOP-UAC0RHQ" failures="0" tests="4" name="com.day1.HTTTPRequest" time="7.580" errors="0" timestamp="2023-10-10T17:18:41 IST" skipped="0">
  <testcase classname="com.day1.HTTTPRequest" name="getUsers" time="5.483"/>
  <testcase classname="com.day1.HTTTPRequest" name="createUser" time="1.230"/>
  <testcase classname="com.day1.HTTTPRequest" name="updateUser" time="0.440"/>
  <testcase classname="com.day1.HTTTPRequest" name="deleteUser" time="0.427"/>
</testsuite> <!-- com.day1.HTTTPRequest -->
