<?xml version="1.0" encoding="UTF-8"?>
<!-- Generated by org.testng.reporters.JUnitReportReporter -->
<testsuite hostname="DESKTOP-UAC0RHQ" failures="0" tests="1" name="com.day3.PathAndQueryparameter" time="4.066" errors="0" timestamp="2023-10-10T17:24:53 IST" skipped="0">
  <testcase classname="com.day3.PathAndQueryparameter" name="testQueryPathParam" time="4.066"/>
</testsuite> <!-- com.day3.PathAndQueryparameter -->
