<?xml version="1.0" encoding="UTF-8"?>
<!-- Generated by org.testng.reporters.JUnitReportReporter -->
<testsuite hostname="DESKTOP-UAC0RHQ" failures="0" tests="1" name="com.day5.ParsingxmlResponse" time="4.484" errors="0" timestamp="2023-10-11T02:48:02 IST" skipped="0">
  <testcase classname="com.day5.ParsingxmlResponse" name="testxmlResponseBody" time="4.484"/>
</testsuite> <!-- com.day5.ParsingxmlResponse -->
