<?xml version="1.0" encoding="UTF-8"?>
<!-- Generated by org.testng.reporters.JUnitReportReporter -->
<testsuite hostname="DESKTOP-UAC0RHQ" failures="0" tests="1" name="com.day3.CookieDemo" time="3.617" errors="0" timestamp="2023-10-10T20:01:17 IST" skipped="0">
  <testcase classname="com.day3.CookieDemo" name="getCookiesInfo" time="3.617"/>
</testsuite> <!-- com.day3.CookieDemo -->
